
Unexpected Signal : EXCEPTION_ACCESS_VIOLATION (0xc0000005) occurred at PC=0x80781A3
Function=[Unknown.]
Library=D:\Program Files\Java\j2re1.4.2_03\bin\client\jvm.dll

NOTE: We are unable to locate the function name symbol for the error
      just occurred. Please refer to release documentation for possible
      reason and solutions.


Current Java thread:
	at sun.awt.windows.WToolkit.eventLoop(Native Method)
	at sun.awt.windows.WToolkit.run(Unknown Source)
	at java.lang.Thread.run(Unknown Source)

Dynamic libraries:
0x00400000 - 0x00407000 	D:\Program Files\Java\j2re1.4.2_03\bin\javaw.exe
0x77F50000 - 0x77FF7000 	D:\WINDOWS\System32\ntdll.dll
0x77E60000 - 0x77F46000 	D:\WINDOWS\system32\kernel32.dll
0x77DD0000 - 0x77E5D000 	D:\WINDOWS\system32\ADVAPI32.dll
0x78000000 - 0x78086000 	D:\WINDOWS\system32\RPCRT4.dll
0x77D40000 - 0x77DCC000 	D:\WINDOWS\system32\USER32.dll
0x77C70000 - 0x77CB0000 	D:\WINDOWS\system32\GDI32.dll
0x77C10000 - 0x77C63000 	D:\WINDOWS\system32\MSVCRT.dll
0x76390000 - 0x763AC000 	D:\WINDOWS\System32\IMM32.DLL
0x66500000 - 0x6650A000 	D:\WINDOWS\System32\wbsys.dll
0x66600000 - 0x66617000 	D:\Program Files\Stardock\Object Desktop\WindowBlinds\wbhelp.dll
0x08000000 - 0x08138000 	D:\Program Files\Java\j2re1.4.2_03\bin\client\jvm.dll
0x76B40000 - 0x76B6C000 	D:\WINDOWS\System32\WINMM.dll
0x10000000 - 0x10007000 	D:\Program Files\Java\j2re1.4.2_03\bin\hpi.dll
0x003A0000 - 0x003AE000 	D:\Program Files\Java\j2re1.4.2_03\bin\verify.dll
0x003B0000 - 0x003C9000 	D:\Program Files\Java\j2re1.4.2_03\bin\java.dll
0x003D0000 - 0x003DD000 	D:\Program Files\Java\j2re1.4.2_03\bin\zip.dll
0x03070000 - 0x0317F000 	D:\Program Files\Java\j2re1.4.2_03\bin\awt.dll
0x73000000 - 0x73023000 	D:\WINDOWS\System32\WINSPOOL.DRV
0x771B0000 - 0x772D1000 	D:\WINDOWS\system32\ole32.dll
0x66000000 - 0x6609F000 	D:\Program Files\Stardock\Object Desktop\WindowBlinds\WBlind.dll
0x5AD70000 - 0x5ADA4000 	D:\WINDOWS\System32\UXTHEME.DLL
0x76380000 - 0x76385000 	D:\WINDOWS\System32\msimg32.dll
0x033B0000 - 0x03400000 	D:\Program Files\Java\j2re1.4.2_03\bin\fontmanager.dll
0x51000000 - 0x5104D000 	D:\WINDOWS\System32\ddraw.dll
0x73BC0000 - 0x73BC6000 	D:\WINDOWS\System32\DCIMAN32.dll
0x5C000000 - 0x5C0C8000 	D:\WINDOWS\System32\D3DIM700.DLL
0x63000000 - 0x63014000 	D:\WINDOWS\System32\SynTPFcs.dll
0x77C00000 - 0x77C07000 	D:\WINDOWS\system32\VERSION.dll
0x74720000 - 0x74764000 	D:\WINDOWS\System32\MSCTF.dll
0x07910000 - 0x0793E000 	D:\Program Files\UltraMon\RTSUltraMonHook.dll
0x773D0000 - 0x77BC2000 	D:\WINDOWS\system32\SHELL32.dll
0x70A70000 - 0x70AD5000 	D:\WINDOWS\system32\SHLWAPI.dll
0x71950000 - 0x71A34000 	D:\WINDOWS\WinSxS\x86_Microsoft.Windows.Common-Controls_6595b64144ccf1df_6.0.10.0_x-ww_f7fb5805\comctl32.dll
0x77340000 - 0x773CB000 	D:\WINDOWS\system32\comctl32.dll
0x07DC0000 - 0x07DEB000 	D:\WINDOWS\System32\msctfime.ime
0x76F90000 - 0x76FA0000 	D:\WINDOWS\System32\Secur32.dll
0x76FD0000 - 0x77048000 	D:\WINDOWS\System32\CLBCATQ.DLL
0x77120000 - 0x771AB000 	D:\WINDOWS\system32\OLEAUT32.dll
0x77050000 - 0x77115000 	D:\WINDOWS\System32\COMRes.dll
0x605D0000 - 0x605D8000 	D:\WINDOWS\System32\mslbui.dll
0x74E30000 - 0x74E9A000 	D:\WINDOWS\System32\RICHED20.DLL
0x5C2C0000 - 0x5C2FC000 	D:\WINDOWS\ime\sptip.dll
0x74C80000 - 0x74CAC000 	D:\WINDOWS\System32\OLEACC.dll
0x55900000 - 0x55961000 	D:\WINDOWS\System32\MSVCP60.dll
0x07F70000 - 0x07F81000 	D:\WINDOWS\IME\SPGRMR.DLL
0x76400000 - 0x76601000 	D:\WINDOWS\System32\msi.dll
0x07FA0000 - 0x07FFD000 	D:\Program Files\Common Files\Microsoft Shared\INK\PENUSA.DLL
0x746F0000 - 0x74716000 	D:\WINDOWS\System32\Msimtf.dll
0x763B0000 - 0x763F5000 	D:\WINDOWS\system32\COMDLG32.DLL
0x75F40000 - 0x75F5F000 	D:\WINDOWS\system32\appHelp.dll
0x76620000 - 0x7666E000 	D:\WINDOWS\System32\cscui.dll
0x08900000 - 0x0891B000 	D:\WINDOWS\System32\CSCDLL.dll
0x75F80000 - 0x7607C000 	D:\WINDOWS\System32\browseui.dll
0x76670000 - 0x76757000 	D:\WINDOWS\System32\SETUPAPI.dll
0x75A70000 - 0x75B15000 	D:\WINDOWS\system32\USERENV.dll
0x76990000 - 0x769B4000 	D:\WINDOWS\System32\ntshrui.dll
0x76B20000 - 0x76B35000 	D:\WINDOWS\System32\ATL.DLL
0x71C20000 - 0x71C6E000 	D:\WINDOWS\System32\NETAPI32.dll
0x71700000 - 0x71849000 	D:\WINDOWS\System32\shdocvw.dll
0x71B20000 - 0x71B31000 	D:\WINDOWS\system32\MPR.dll
0x75F60000 - 0x75F66000 	D:\WINDOWS\System32\drprov.dll
0x71C10000 - 0x71C1D000 	D:\WINDOWS\System32\ntlanman.dll
0x71CD0000 - 0x71CE6000 	D:\WINDOWS\System32\NETUI0.dll
0x71C90000 - 0x71CCC000 	D:\WINDOWS\System32\NETUI1.dll
0x71C80000 - 0x71C86000 	D:\WINDOWS\System32\NETRAP.dll
0x71BF0000 - 0x71C01000 	D:\WINDOWS\System32\SAMLIB.dll
0x75F70000 - 0x75F79000 	D:\WINDOWS\System32\davclnt.dll
0x73D70000 - 0x73D82000 	D:\WINDOWS\System32\shgina.dll
0x75970000 - 0x75A61000 	D:\WINDOWS\System32\MSGINA.dll
0x76360000 - 0x7636F000 	D:\WINDOWS\System32\WINSTA.dll
0x08E20000 - 0x08E52000 	D:\WINDOWS\System32\ODBC32.dll
0x08F70000 - 0x08F86000 	D:\WINDOWS\System32\odbcint.dll
0x76980000 - 0x76987000 	D:\WINDOWS\System32\LINKINFO.dll
0x5CB00000 - 0x5CB69000 	D:\WINDOWS\system32\shimgvw.dll
0x70D00000 - 0x70EA1000 	D:\WINDOWS\WinSxS\x86_Microsoft.Windows.GdiPlus_6595b64144ccf1df_1.0.10.0_x-ww_712befd8\gdiplus.dll
0x76CE0000 - 0x76CFF000 	D:\WINDOWS\System32\NTMARTA.DLL
0x76F60000 - 0x76F8C000 	D:\WINDOWS\system32\WLDAP32.dll
0x09370000 - 0x09394000 	D:\Program Files\Common Files\Adobe\Shell\PSICON.DLL
0x72410000 - 0x72429000 	D:\WINDOWS\System32\mydocs.dll
0x08CF0000 - 0x08CFD000 	D:\Program Files\Microsoft Virtual PC\VPCShExH.DLL
0x76170000 - 0x761F8000 	D:\WINDOWS\System32\shdoclc.dll
0x73380000 - 0x733D2000 	D:\WINDOWS\System32\zipfldr.dll
0x09400000 - 0x09429000 	D:\Program Files\WinRAR\rarext.dll
0x76C90000 - 0x76CB2000 	D:\WINDOWS\system32\imagehlp.dll
0x6D510000 - 0x6D58D000 	D:\WINDOWS\system32\DBGHELP.dll
0x76BF0000 - 0x76BFB000 	D:\WINDOWS\System32\PSAPI.DLL

Heap at VM Abort:
Heap
 def new generation   total 1600K, used 1051K [0x10010000, 0x101c0000, 0x104f0000)
  eden space 1472K,  62% used [0x10010000, 0x100f6ea0, 0x10180000)
  from space 128K, 100% used [0x101a0000, 0x101c0000, 0x101c0000)
  to   space 128K,   0% used [0x10180000, 0x10180000, 0x101a0000)
 tenured generation   total 19560K, used 11398K [0x104f0000, 0x1180a000, 0x14010000)
   the space 19560K,  58% used [0x104f0000, 0x11011a50, 0x11011c00, 0x1180a000)
 compacting perm gen  total 4864K, used 4796K [0x14010000, 0x144d0000, 0x18010000)
   the space 4864K,  98% used [0x14010000, 0x144bf3f0, 0x144bf400, 0x144d0000)

Local Time = Thu Feb 26 14:30:23 2004
Elapsed Time = 6499
#
# HotSpot Virtual Machine Error : EXCEPTION_ACCESS_VIOLATION
# Error ID : 4F530E43505002EF
# Please report this error at
# http://java.sun.com/cgi-bin/bugreport.cgi
#
# Java VM: Java HotSpot(TM) Client VM (1.4.2_03-b02 mixed mode)
#
